<?xml version="1.0" encoding="UTF-8"?>
<!-- Generated by org.testng.reporters.JUnitReportReporter -->
<testsuite hostname="DESKTOP-0M022D9" failures="0" tests="1" name="Despegar_Alojamientos" time="22.840" errors="0" timestamp="2022-09-14T15:50:50 ART" skipped="0">
  <testcase classname="Despegar_Alojamientos" name="VerificarAlojamientoDespegar" time="22.840"/>
  <system-out/>
</testsuite> <!-- Despegar_Alojamientos -->
